error[E0603]: struct `RuntimeVersion` is private
  --> tests/ui/impl_incorrect_method_signature.rs:37:27
   |
37 |         fn version() -> sp_api::RuntimeVersion {
   |                                 ^^^^^^^^^^^^^^ private struct
   |
note: the struct `RuntimeVersion` is defined here
  --> $WORKSPACE/substrate/primitives/api/src/lib.rs
   |
   | use sp_version::RuntimeVersion;
   |     ^^^^^^^^^^^^^^^^^^^^^^^^^^
help: consider importing this struct instead
   |
37  -         fn version() -> sp_api::RuntimeVersion {
37  +         fn version() -> sp_version::RuntimeVersion {
    |
help: import `RuntimeVersion` directly
    |
37  -         fn version() -> sp_api::RuntimeVersion {
37  +         fn version() -> sp_version::RuntimeVersion {
    |

error[E0053]: method `test` has an incompatible type for trait
  --> tests/ui/impl_incorrect_method_signature.rs:33:17
   |
33 |         fn test(data: String) {}
   |                       ^^^^^^ expected `u64`, found `std::string::String`
   |
note: type in trait
  --> tests/ui/impl_incorrect_method_signature.rs:27:17
   |
27 |         fn test(data: u64);
   |                       ^^^
   = note: expected signature `fn(u64)`
              found signature `fn(std::string::String)`
help: change the parameter type to match the trait
   |
33 -         fn test(data: String) {}
33 +         fn test(data: u64) {}
   |

error[E0053]: method `execute_block` has an incompatible type for trait
  --> tests/ui/impl_incorrect_method_signature.rs:40:23
   |
40 |         fn execute_block(_: Block) {
   |                             ^^^^^ expected `LazyBlock<Header<u64, BlakeTwo256>, ...>`, found `Block<Header<u64, BlakeTwo256>, ...>`
   |
   = note: expected signature `fn(sp_runtime::generic::LazyBlock<sp_runtime::generic::Header<u64, BlakeTwo256>, UncheckedExtrinsic<CryptoBytes<32, Sr25519PublicTag>, RuntimeCall, CryptoBytes<64, (SignatureTag, Sr25519Tag)>, ((frame_system::extensions::check_nonce::CheckNonce<substrate_test_runtime_client::substrate_test_runtime::Runtime>, frame_system::extensions::check_weight::CheckWeight<substrate_test_runtime_client::substrate_test_runtime::Runtime>), CheckSubstrateCall, frame_metadata_hash_extension::CheckMetadataHash<substrate_test_runtime_client::substrate_test_runtime::Runtime>, frame_system::extensions::weight_reclaim::WeightReclaim<substrate_test_runtime_client::substrate_test_runtime::Runtime>), 16777216>>)`
              found signature `fn(sp_runtime::generic::Block<sp_runtime::generic::Header<u64, BlakeTwo256>, UncheckedExtrinsic<CryptoBytes<32, Sr25519PublicTag>, RuntimeCall, CryptoBytes<64, (SignatureTag, Sr25519Tag)>, ((frame_system::extensions::check_nonce::CheckNonce<substrate_test_runtime_client::substrate_test_runtime::Runtime>, frame_system::extensions::check_weight::CheckWeight<substrate_test_runtime_client::substrate_test_runtime::Runtime>), CheckSubstrateCall, frame_metadata_hash_extension::CheckMetadataHash<substrate_test_runtime_client::substrate_test_runtime::Runtime>, frame_system::extensions::weight_reclaim::WeightReclaim<substrate_test_runtime_client::substrate_test_runtime::Runtime>), 16777216>>)`
help: change the parameter type to match the trait
   |
40 -         fn execute_block(_: Block) {
40 +         fn execute_block(_: sp_runtime::generic::LazyBlock<sp_runtime::generic::Header<u64, BlakeTwo256>, UncheckedExtrinsic<CryptoBytes<32, Sr25519PublicTag>, RuntimeCall, CryptoBytes<64, (SignatureTag, Sr25519Tag)>, ((frame_system::extensions::check_nonce::CheckNonce<substrate_test_runtime_client::substrate_test_runtime::Runtime>, frame_system::extensions::check_weight::CheckWeight<substrate_test_runtime_client::substrate_test_runtime::Runtime>), CheckSubstrateCall, frame_metadata_hash_extension::CheckMetadataHash<substrate_test_runtime_client::substrate_test_runtime::Runtime>, frame_system::extensions::weight_reclaim::WeightReclaim<substrate_test_runtime_client::substrate_test_runtime::Runtime>), 16777216>>) {
   |

error[E0308]: mismatched types
  --> tests/ui/impl_incorrect_method_signature.rs:33:11
   |
31 | / sp_api::impl_runtime_apis! {
32 | |     impl self::Api<Block> for Runtime {
33 | |         fn test(data: String) {}
   | |                 ^^^^ expected `u64`, found `String`
...  |
47 | | }
   | |_- arguments to this function are incorrect
   |
note: associated function defined here
  --> tests/ui/impl_incorrect_method_signature.rs:27:6
   |
27 |         fn test(data: u64);
   |            ^^^^ ----

error[E0308]: mismatched types
  --> tests/ui/impl_incorrect_method_signature.rs:40:20
   |
31 | / sp_api::impl_runtime_apis! {
32 | |     impl self::Api<Block> for Runtime {
33 | |         fn test(data: String) {}
...  |
40 | |         fn execute_block(_: Block) {
   | |                          ^ expected `LazyBlock<Header<u64, BlakeTwo256>, ...>`, found `Block<Header<u64, BlakeTwo256>, ...>`
...  |
47 | | }
   | |_- arguments to this function are incorrect
   |
   = note: expected struct `LazyBlock<Header<u64, BlakeTwo256>, ...>`
              found struct `Block<Header<u64, BlakeTwo256>, ...>`
note: associated function defined here
  --> $WORKSPACE/substrate/primitives/api/src/lib.rs
   |
   |         fn execute_block(block: Block::LazyBlock);
   |            ^^^^^^^^^^^^^
   = note: consider using `--verbose` to print the full type name to the console
help: call `Into::into` on this expression to convert `sp_runtime::generic::Block<sp_runtime::generic::Header<u64, BlakeTwo256>, UncheckedExtrinsic<CryptoBytes<32, Sr25519PublicTag>, RuntimeCall, CryptoBytes<64, (SignatureTag, Sr25519Tag)>, ((frame_system::extensions::check_nonce::CheckNonce<substrate_test_runtime_client::substrate_test_runtime::Runtime>, frame_system::extensions::check_weight::CheckWeight<substrate_test_runtime_client::substrate_test_runtime::Runtime>), CheckSubstrateCall, frame_metadata_hash_extension::CheckMetadataHash<substrate_test_runtime_client::substrate_test_runtime::Runtime>, frame_system::extensions::weight_reclaim::WeightReclaim<substrate_test_runtime_client::substrate_test_runtime::Runtime>), 16777216>>` into `sp_runtime::generic::LazyBlock<sp_runtime::generic::Header<u64, BlakeTwo256>, UncheckedExtrinsic<CryptoBytes<32, Sr25519PublicTag>, RuntimeCall, CryptoBytes<64, (SignatureTag, Sr25519Tag)>, ((frame_system::extensions::check_nonce::CheckNonce<substrate_test_runtime_client::substrate_test_runtime::Runtime>, frame_system::extensions::check_weight::CheckWeight<substrate_test_runtime_client::substrate_test_runtime::Runtime>), CheckSubstrateCall, frame_metadata_hash_extension::CheckMetadataHash<substrate_test_runtime_client::substrate_test_runtime::Runtime>, frame_system::extensions::weight_reclaim::WeightReclaim<substrate_test_runtime_client::substrate_test_runtime::Runtime>), 16777216>>`
   |
40 |         fn execute_block(_.into(): Block) {
   |                           +++++++

error: unused variable: `data`
  --> tests/ui/impl_incorrect_method_signature.rs:33:11
   |
33 |         fn test(data: String) {}
   |                 ^^^^ help: if this is intentional, prefix it with an underscore: `_data`
   |
   = note: `-D unused-variables` implied by `-D warnings`
   = help: to override `-D warnings` add `#[allow(unused_variables)]`
