error: use of deprecated constant `WhereSection::_w`:
               It is deprecated to use a `where` clause in `construct_runtime`.
               Please instead use `frame_system::Config` to set the `Block` type and delete this clause.
               It is planned to be removed in December 2023.

               For more info see:
                   <https://github.com/paritytech/substrate/pull/14437>
  --> tests/construct_runtime_ui/deprecated_where_block.rs:20:1
   |
20 | / construct_runtime! {
21 | |     pub struct Runtime where
22 | |         Block = Block,
23 | |         NodeBlock = Block,
...  |
27 | |     }
28 | | }
   | |_^
   |
   = note: `-D deprecated` implied by `-D warnings`
   = help: to override `-D warnings` add `#[allow(deprecated)]`
   = note: this error originates in the macro `frame_support::match_and_insert` which comes from the expansion of the macro `construct_runtime` (in Nightly builds, run with -Z macro-backtrace for more info)

error[E0277]: the trait bound `Runtime: Config` is not satisfied
  --> tests/construct_runtime_ui/deprecated_where_block.rs:20:1
   |
20 | / construct_runtime! {
21 | |     pub struct Runtime where
22 | |         Block = Block,
23 | |         NodeBlock = Block,
...  |
27 | |     }
28 | | }
   | |_^ the trait `Config` is not implemented for `Runtime`
   |
   = note: this error originates in the macro `frame_support::construct_runtime` (in Nightly builds, run with -Z macro-backtrace for more info)

error[E0277]: the trait bound `Runtime: Config` is not satisfied
  --> tests/construct_runtime_ui/deprecated_where_block.rs:20:1
   |
20 | / construct_runtime! {
21 | |     pub struct Runtime where
22 | |         Block = Block,
23 | |         NodeBlock = Block,
...  |
27 | |     }
28 | | }
   | |_^ the trait `Config` is not implemented for `Runtime`
   |
note: required by a bound in `frame_system::Event`
  --> $WORKSPACE/substrate/frame/system/src/lib.rs
   |
   |     pub enum Event<T: Config> {
   |                       ^^^^^^ required by this bound in `Event`
   = note: this error originates in the macro `frame_support::construct_runtime` (in Nightly builds, run with -Z macro-backtrace for more info)

error[E0277]: the trait bound `Runtime: Config` is not satisfied in `RuntimeEvent`
  --> tests/construct_runtime_ui/deprecated_where_block.rs:20:1
   |
20 | / construct_runtime! {
21 | |     pub struct Runtime where
22 | |         Block = Block,
23 | |         NodeBlock = Block,
...  |
27 | |     }
28 | | }
   | |_^ within `RuntimeEvent`, the trait `Config` is not implemented for `Runtime`, which is required by `RuntimeEvent: Sized`
   |
note: required because it appears within the type `RuntimeEvent`
  --> tests/construct_runtime_ui/deprecated_where_block.rs:20:1
   |
20 | / construct_runtime! {
21 | |     pub struct Runtime where
22 | |         Block = Block,
23 | |         NodeBlock = Block,
...  |
27 | |     }
28 | | }
   | |_^
note: required by a bound in `Clone`
  --> $RUST/core/src/clone.rs
   |
   | pub trait Clone: Sized {
   |                  ^^^^^ required by this bound in `Clone`
   = note: this error originates in the derive macro `Clone` which comes from the expansion of the macro `frame_support::construct_runtime` (in Nightly builds, run with -Z macro-backtrace for more info)

error[E0277]: the trait bound `Runtime: Config` is not satisfied in `RuntimeEvent`
  --> tests/construct_runtime_ui/deprecated_where_block.rs:20:1
   |
20 | / construct_runtime! {
21 | |     pub struct Runtime where
22 | |         Block = Block,
23 | |         NodeBlock = Block,
...  |
27 | |     }
28 | | }
   | |_^ within `RuntimeEvent`, the trait `Config` is not implemented for `Runtime`, which is required by `RuntimeEvent: Sized`
   |
note: required because it appears within the type `RuntimeEvent`
  --> tests/construct_runtime_ui/deprecated_where_block.rs:20:1
   |
20 | / construct_runtime! {
21 | |     pub struct Runtime where
22 | |         Block = Block,
23 | |         NodeBlock = Block,
...  |
27 | |     }
28 | | }
   | |_^
note: required by a bound in `EncodeLike`
  --> $CARGO/parity-scale-codec-3.6.12/src/encode_like.rs
   |
   | pub trait EncodeLike<T: Encode = Self>: Sized + Encode {}
   |                                         ^^^^^ required by this bound in `EncodeLike`
   = note: this error originates in the macro `frame_support::construct_runtime` (in Nightly builds, run with -Z macro-backtrace for more info)

error[E0277]: the trait bound `Runtime: Config` is not satisfied in `RuntimeEvent`
  --> tests/construct_runtime_ui/deprecated_where_block.rs:20:1
   |
20 | / construct_runtime! {
21 | |     pub struct Runtime where
22 | |         Block = Block,
23 | |         NodeBlock = Block,
...  |
27 | |     }
28 | | }
   | |_^ within `RuntimeEvent`, the trait `Config` is not implemented for `Runtime`, which is required by `RuntimeEvent: Sized`
   |
note: required because it appears within the type `RuntimeEvent`
  --> tests/construct_runtime_ui/deprecated_where_block.rs:20:1
   |
20 | / construct_runtime! {
21 | |     pub struct Runtime where
22 | |         Block = Block,
23 | |         NodeBlock = Block,
...  |
27 | |     }
28 | | }
   | |_^
note: required by a bound in `Decode`
  --> $CARGO/parity-scale-codec-3.6.12/src/codec.rs
   |
   | pub trait Decode: Sized {
   |                   ^^^^^ required by this bound in `Decode`
   = note: this error originates in the macro `frame_support::construct_runtime` (in Nightly builds, run with -Z macro-backtrace for more info)

error[E0277]: the trait bound `Runtime: Config` is not satisfied in `frame_system::Event<Runtime>`
  --> tests/construct_runtime_ui/deprecated_where_block.rs:20:1
   |
20 | / construct_runtime! {
21 | |     pub struct Runtime where
22 | |         Block = Block,
23 | |         NodeBlock = Block,
...  |
27 | |     }
28 | | }
   | |_^ within `frame_system::Event<Runtime>`, the trait `Config` is not implemented for `Runtime`, which is required by `frame_system::Event<Runtime>: Sized`
   |
note: required because it appears within the type `frame_system::Event<Runtime>`
  --> $WORKSPACE/substrate/frame/system/src/lib.rs
   |
   |     pub enum Event<T: Config> {
   |              ^^^^^
note: required by a bound in `From`
  --> $RUST/core/src/convert/mod.rs
   |
   | pub trait From<T>: Sized {
   |                ^ required by this bound in `From`
   = note: this error originates in the macro `frame_support::construct_runtime` (in Nightly builds, run with -Z macro-backtrace for more info)

error[E0277]: the trait bound `Runtime: Config` is not satisfied in `frame_system::Event<Runtime>`
  --> tests/construct_runtime_ui/deprecated_where_block.rs:20:1
   |
20 | / construct_runtime! {
21 | |     pub struct Runtime where
22 | |         Block = Block,
23 | |         NodeBlock = Block,
...  |
27 | |     }
28 | | }
   | |_^ within `frame_system::Event<Runtime>`, the trait `Config` is not implemented for `Runtime`, which is required by `frame_system::Event<Runtime>: Sized`
   |
note: required because it appears within the type `frame_system::Event<Runtime>`
  --> $WORKSPACE/substrate/frame/system/src/lib.rs
   |
   |     pub enum Event<T: Config> {
   |              ^^^^^
note: required by a bound in `TryInto`
  --> $RUST/core/src/convert/mod.rs
   |
   | pub trait TryInto<T>: Sized {
   |                   ^ required by this bound in `TryInto`
   = note: this error originates in the macro `frame_support::construct_runtime` (in Nightly builds, run with -Z macro-backtrace for more info)

error[E0277]: the trait bound `Runtime: Config` is not satisfied
  --> tests/construct_runtime_ui/deprecated_where_block.rs:20:1
   |
20 | construct_runtime! {
   | ^ the trait `Config` is not implemented for `Runtime`
   |
   = note: this error originates in the macro `frame_support::construct_runtime` which comes from the expansion of the macro `construct_runtime` (in Nightly builds, run with -Z macro-backtrace for more info)

error[E0277]: the trait bound `RawOrigin<_>: TryFrom<OriginCaller>` is not satisfied
  --> tests/construct_runtime_ui/deprecated_where_block.rs:20:1
   |
20 | / construct_runtime! {
21 | |     pub struct Runtime where
22 | |         Block = Block,
23 | |         NodeBlock = Block,
...  |
27 | |     }
28 | | }
   | |_^ the trait `TryFrom<OriginCaller>` is not implemented for `RawOrigin<_>`
   |
   = help: the trait `TryFrom<OriginCaller>` is implemented for `RawOrigin<<Runtime as Config>::AccountId>`
   = note: this error originates in the macro `frame_support::construct_runtime` (in Nightly builds, run with -Z macro-backtrace for more info)

error[E0277]: the trait bound `Runtime: Config` is not satisfied
  --> tests/construct_runtime_ui/deprecated_where_block.rs:20:1
   |
20 | / construct_runtime! {
21 | |     pub struct Runtime where
22 | |         Block = Block,
23 | |         NodeBlock = Block,
...  |
27 | |     }
28 | | }
   | |_^ the trait `Config` is not implemented for `Runtime`, which is required by `Pallet<Runtime>: Callable<Runtime>`
   |
   = help: the trait `Callable<T>` is implemented for `Pallet<T>`
   = note: required for `Pallet<Runtime>` to implement `Callable<Runtime>`
   = note: this error originates in the macro `frame_support::construct_runtime` (in Nightly builds, run with -Z macro-backtrace for more info)

error[E0277]: the trait bound `Runtime: Config` is not satisfied
  --> tests/construct_runtime_ui/deprecated_where_block.rs:20:1
   |
20 | / construct_runtime! {
21 | |     pub struct Runtime where
22 | |         Block = Block,
23 | |         NodeBlock = Block,
...  |
27 | |     }
28 | | }
   | |_^ the trait `Config` is not implemented for `Runtime`, which is required by `RuntimeCall: Sized`
   |
   = note: required for `Pallet<Runtime>` to implement `Callable<Runtime>`
note: required because it appears within the type `RuntimeCall`
  --> tests/construct_runtime_ui/deprecated_where_block.rs:20:1
   |
20 | / construct_runtime! {
21 | |     pub struct Runtime where
22 | |         Block = Block,
23 | |         NodeBlock = Block,
...  |
27 | |     }
28 | | }
   | |_^
note: required by a bound in `Clone`
  --> $RUST/core/src/clone.rs
   |
   | pub trait Clone: Sized {
   |                  ^^^^^ required by this bound in `Clone`
   = note: this error originates in the derive macro `Clone` which comes from the expansion of the macro `frame_support::construct_runtime` (in Nightly builds, run with -Z macro-backtrace for more info)

error[E0277]: the trait bound `Runtime: Config` is not satisfied
  --> tests/construct_runtime_ui/deprecated_where_block.rs:20:1
   |
20 | / construct_runtime! {
21 | |     pub struct Runtime where
22 | |         Block = Block,
23 | |         NodeBlock = Block,
...  |
27 | |     }
28 | | }
   | |_^ the trait `Config` is not implemented for `Runtime`, which is required by `RuntimeCall: Sized`
   |
   = note: required for `Pallet<Runtime>` to implement `Callable<Runtime>`
note: required because it appears within the type `RuntimeCall`
  --> tests/construct_runtime_ui/deprecated_where_block.rs:20:1
   |
20 | / construct_runtime! {
21 | |     pub struct Runtime where
22 | |         Block = Block,
23 | |         NodeBlock = Block,
...  |
27 | |     }
28 | | }
   | |_^
note: required by a bound in `EncodeLike`
  --> $CARGO/parity-scale-codec-3.6.12/src/encode_like.rs
   |
   | pub trait EncodeLike<T: Encode = Self>: Sized + Encode {}
   |                                         ^^^^^ required by this bound in `EncodeLike`
   = note: this error originates in the macro `frame_support::construct_runtime` (in Nightly builds, run with -Z macro-backtrace for more info)

error[E0277]: the trait bound `Runtime: Config` is not satisfied
  --> tests/construct_runtime_ui/deprecated_where_block.rs:20:1
   |
20 | / construct_runtime! {
21 | |     pub struct Runtime where
22 | |         Block = Block,
23 | |         NodeBlock = Block,
...  |
27 | |     }
28 | | }
   | |_^ the trait `Config` is not implemented for `Runtime`, which is required by `RuntimeCall: Sized`
   |
   = note: required for `Pallet<Runtime>` to implement `Callable<Runtime>`
note: required because it appears within the type `RuntimeCall`
  --> tests/construct_runtime_ui/deprecated_where_block.rs:20:1
   |
20 | / construct_runtime! {
21 | |     pub struct Runtime where
22 | |         Block = Block,
23 | |         NodeBlock = Block,
...  |
27 | |     }
28 | | }
   | |_^
note: required by a bound in `Decode`
  --> $CARGO/parity-scale-codec-3.6.12/src/codec.rs
   |
   | pub trait Decode: Sized {
   |                   ^^^^^ required by this bound in `Decode`
   = note: this error originates in the macro `frame_support::construct_runtime` (in Nightly builds, run with -Z macro-backtrace for more info)

error[E0277]: the trait bound `Runtime: Config` is not satisfied
  --> tests/construct_runtime_ui/deprecated_where_block.rs:20:1
   |
20 | / construct_runtime! {
21 | |     pub struct Runtime where
22 | |         Block = Block,
23 | |         NodeBlock = Block,
...  |
27 | |     }
28 | | }
   | |_^ the trait `Config` is not implemented for `Runtime`, which is required by `RuntimeCall: Sized`
   |
   = note: required for `Pallet<Runtime>` to implement `Callable<Runtime>`
note: required because it appears within the type `RuntimeCall`
  --> tests/construct_runtime_ui/deprecated_where_block.rs:20:1
   |
20 | / construct_runtime! {
21 | |     pub struct Runtime where
22 | |         Block = Block,
23 | |         NodeBlock = Block,
...  |
27 | |     }
28 | | }
   | |_^
note: required by a bound in `frame_support::sp_runtime::traits::Dispatchable::Config`
  --> $WORKSPACE/substrate/primitives/runtime/src/traits.rs
   |
   |     type Config;
   |     ^^^^^^^^^^^^ required by this bound in `Dispatchable::Config`
   = note: this error originates in the macro `frame_support::construct_runtime` (in Nightly builds, run with -Z macro-backtrace for more info)

error[E0277]: the trait bound `Runtime: Config` is not satisfied
  --> tests/construct_runtime_ui/deprecated_where_block.rs:26:3
   |
26 |         System: frame_system::{Pallet, Call, Storage, Config<T>, Event<T>},
   |         ^^^^^^ the trait `Config` is not implemented for `Runtime`
   |
note: required by a bound in `GenesisConfig`
  --> $WORKSPACE/substrate/frame/system/src/lib.rs
   |
   |     pub struct GenesisConfig<T: Config> {
   |                                 ^^^^^^ required by this bound in `GenesisConfig`

error[E0277]: the trait bound `Runtime: Config` is not satisfied
  --> tests/construct_runtime_ui/deprecated_where_block.rs:20:1
   |
20 | / construct_runtime! {
21 | |     pub struct Runtime where
22 | |         Block = Block,
23 | |         NodeBlock = Block,
...  |
27 | |     }
28 | | }
   | |_^ the trait `Config` is not implemented for `Runtime`, which is required by `RuntimeCall: Sized`
   |
   = note: required for `Pallet<Runtime>` to implement `Callable<Runtime>`
note: required because it appears within the type `RuntimeCall`
  --> tests/construct_runtime_ui/deprecated_where_block.rs:20:1
   |
20 | / construct_runtime! {
21 | |     pub struct Runtime where
22 | |         Block = Block,
23 | |         NodeBlock = Block,
...  |
27 | |     }
28 | | }
   | |_^
note: required by a bound in `frame_support::pallet_prelude::ValidateUnsigned::Call`
  --> $WORKSPACE/substrate/primitives/runtime/src/traits.rs
   |
   |     type Call;
   |     ^^^^^^^^^^ required by this bound in `ValidateUnsigned::Call`
   = note: this error originates in the macro `frame_support::construct_runtime` (in Nightly builds, run with -Z macro-backtrace for more info)

error[E0277]: the trait bound `Runtime: Config` is not satisfied in `RuntimeEvent`
  --> tests/construct_runtime_ui/deprecated_where_block.rs:20:1
   |
20 | / construct_runtime! {
21 | |     pub struct Runtime where
22 | |         Block = Block,
23 | |         NodeBlock = Block,
...  |
27 | |     }
28 | | }
   | |_^ within `RuntimeEvent`, the trait `Config` is not implemented for `Runtime`, which is required by `RuntimeEvent: Sized`
   |
note: required because it appears within the type `RuntimeEvent`
  --> tests/construct_runtime_ui/deprecated_where_block.rs:20:1
   |
20 | / construct_runtime! {
21 | |     pub struct Runtime where
22 | |         Block = Block,
23 | |         NodeBlock = Block,
...  |
27 | |     }
28 | | }
   | |_^
note: required by a bound in `Result`
  --> $RUST/core/src/result.rs
   |
   | pub enum Result<T, E> {
   |                 ^ required by this bound in `Result`
   = note: this error originates in the derive macro `self::sp_api_hidden_includes_construct_runtime::hidden_include::__private::codec::Decode` which comes from the expansion of the macro `frame_support::construct_runtime` (in Nightly builds, run with -Z macro-backtrace for more info)

error[E0277]: the trait bound `Runtime: Config` is not satisfied in `RuntimeEvent`
  --> tests/construct_runtime_ui/deprecated_where_block.rs:20:1
   |
20 | / construct_runtime! {
21 | |     pub struct Runtime where
22 | |         Block = Block,
23 | |         NodeBlock = Block,
...  |
27 | |     }
28 | | }
   | |_^ within `RuntimeEvent`, the trait `Config` is not implemented for `Runtime`, which is required by `RuntimeEvent: Sized`
   |
note: required because it appears within the type `RuntimeEvent`
  --> tests/construct_runtime_ui/deprecated_where_block.rs:20:1
   |
20 | / construct_runtime! {
21 | |     pub struct Runtime where
22 | |         Block = Block,
23 | |         NodeBlock = Block,
...  |
27 | |     }
28 | | }
   | |_^
note: required by a bound in `TryInto`
  --> $RUST/core/src/convert/mod.rs
   |
   | pub trait TryInto<T>: Sized {
   |                       ^^^^^ required by this bound in `TryInto`
   = note: this error originates in the macro `frame_support::construct_runtime` (in Nightly builds, run with -Z macro-backtrace for more info)

error[E0277]: the trait bound `Runtime: Config` is not satisfied
  --> tests/construct_runtime_ui/deprecated_where_block.rs:20:1
   |
20 | / construct_runtime! {
21 | |     pub struct Runtime where
22 | |         Block = Block,
23 | |         NodeBlock = Block,
...  |
27 | |     }
28 | | }
   | |_^ the trait `Config` is not implemented for `Runtime`, which is required by `RuntimeCall: Sized`
   |
   = note: required for `Pallet<Runtime>` to implement `Callable<Runtime>`
note: required because it appears within the type `RuntimeCall`
  --> tests/construct_runtime_ui/deprecated_where_block.rs:20:1
   |
20 | / construct_runtime! {
21 | |     pub struct Runtime where
22 | |         Block = Block,
23 | |         NodeBlock = Block,
...  |
27 | |     }
28 | | }
   | |_^
note: required by a bound in `Result`
  --> $RUST/core/src/result.rs
   |
   | pub enum Result<T, E> {
   |                 ^ required by this bound in `Result`
   = note: this error originates in the derive macro `self::sp_api_hidden_includes_construct_runtime::hidden_include::__private::codec::Decode` which comes from the expansion of the macro `frame_support::construct_runtime` (in Nightly builds, run with -Z macro-backtrace for more info)
